[4.404s] Invoking command in '/home/user/ros2_ws/src/localization_server': PYTHONPATH=/home/user/ros2_ws/install/localization_server/lib/python3.8/site-packages:${PYTHONPATH} _=/usr/bin/env /usr/bin/python3 setup.py egg_info --egg-base ../../build/localization_server build --build-base /home/user/ros2_ws/build/localization_server/build install --prefix /home/user/ros2_ws/install/localization_server --record /home/user/ros2_ws/build/localization_server/install.log --single-version-externally-managed
[4.800s] running egg_info
[4.801s] writing ../../build/localization_server/localization_server.egg-info/PKG-INFO
[4.801s] writing dependency_links to ../../build/localization_server/localization_server.egg-info/dependency_links.txt
[4.802s] writing entry points to ../../build/localization_server/localization_server.egg-info/entry_points.txt
[4.802s] writing requirements to ../../build/localization_server/localization_server.egg-info/requires.txt
[4.802s] writing top-level names to ../../build/localization_server/localization_server.egg-info/top_level.txt
[4.917s] reading manifest file '../../build/localization_server/localization_server.egg-info/SOURCES.txt'
[4.919s] writing manifest file '../../build/localization_server/localization_server.egg-info/SOURCES.txt'
[4.919s] running build
[4.919s] running build_py
[4.919s] running install
[4.921s] running install_lib
[4.923s] running install_data
[4.924s] copying launch/localization.launch.py -> /home/user/ros2_ws/install/localization_server/share/localization_server/launch
[4.924s] running install_egg_info
[4.927s] removing '/home/user/ros2_ws/install/localization_server/lib/python3.8/site-packages/localization_server-0.0.0-py3.8.egg-info' (and everything under it)
[4.927s] Copying ../../build/localization_server/localization_server.egg-info to /home/user/ros2_ws/install/localization_server/lib/python3.8/site-packages/localization_server-0.0.0-py3.8.egg-info
[4.929s] running install_scripts
[4.956s] writing list of installed files to '/home/user/ros2_ws/build/localization_server/install.log'
[4.984s] Invoked command in '/home/user/ros2_ws/src/localization_server' returned '0': PYTHONPATH=/home/user/ros2_ws/install/localization_server/lib/python3.8/site-packages:${PYTHONPATH} _=/usr/bin/env /usr/bin/python3 setup.py egg_info --egg-base ../../build/localization_server build --build-base /home/user/ros2_ws/build/localization_server/build install --prefix /home/user/ros2_ws/install/localization_server --record /home/user/ros2_ws/build/localization_server/install.log --single-version-externally-managed
