[0.851s] Invoking command in '/home/user/ros2_ws/src/ros2_nav_files/nav2_project': PYTHONPATH=/home/user/ros2_ws/install/nav2_project/lib/python3.8/site-packages:${PYTHONPATH} _=/usr/bin/env /usr/bin/python3 setup.py egg_info --egg-base ../../../build/nav2_project build --build-base /home/user/ros2_ws/build/nav2_project/build install --prefix /home/user/ros2_ws/install/nav2_project --record /home/user/ros2_ws/build/nav2_project/install.log --single-version-externally-managed
[1.142s] running egg_info
[1.143s] creating ../../../build/nav2_project/nav2_project.egg-info
[1.143s] writing ../../../build/nav2_project/nav2_project.egg-info/PKG-INFO
[1.143s] writing dependency_links to ../../../build/nav2_project/nav2_project.egg-info/dependency_links.txt
[1.144s] writing entry points to ../../../build/nav2_project/nav2_project.egg-info/entry_points.txt
[1.144s] writing requirements to ../../../build/nav2_project/nav2_project.egg-info/requires.txt
[1.144s] writing top-level names to ../../../build/nav2_project/nav2_project.egg-info/top_level.txt
[1.146s] writing manifest file '../../../build/nav2_project/nav2_project.egg-info/SOURCES.txt'
[1.182s] reading manifest file '../../../build/nav2_project/nav2_project.egg-info/SOURCES.txt'
[1.183s] writing manifest file '../../../build/nav2_project/nav2_project.egg-info/SOURCES.txt'
[1.184s] running build
[1.184s] running build_py
[1.184s] creating /home/user/ros2_ws/build/nav2_project/build
[1.184s] creating /home/user/ros2_ws/build/nav2_project/build/lib
[1.184s] creating /home/user/ros2_ws/build/nav2_project/build/lib/nav2_project
[1.184s] copying nav2_project/__init__.py -> /home/user/ros2_ws/build/nav2_project/build/lib/nav2_project
[1.184s] copying nav2_project/spot_recorder.py -> /home/user/ros2_ws/build/nav2_project/build/lib/nav2_project
[1.185s] copying nav2_project/go_to_pose.py -> /home/user/ros2_ws/build/nav2_project/build/lib/nav2_project
[1.185s] running install
[1.186s] running install_lib
[1.187s] creating /home/user/ros2_ws/install/nav2_project/lib/python3.8/site-packages/nav2_project
[1.187s] copying /home/user/ros2_ws/build/nav2_project/build/lib/nav2_project/__init__.py -> /home/user/ros2_ws/install/nav2_project/lib/python3.8/site-packages/nav2_project
[1.187s] copying /home/user/ros2_ws/build/nav2_project/build/lib/nav2_project/spot_recorder.py -> /home/user/ros2_ws/install/nav2_project/lib/python3.8/site-packages/nav2_project
[1.187s] copying /home/user/ros2_ws/build/nav2_project/build/lib/nav2_project/go_to_pose.py -> /home/user/ros2_ws/install/nav2_project/lib/python3.8/site-packages/nav2_project
[1.188s] byte-compiling /home/user/ros2_ws/install/nav2_project/lib/python3.8/site-packages/nav2_project/__init__.py to __init__.cpython-38.pyc
[1.189s] byte-compiling /home/user/ros2_ws/install/nav2_project/lib/python3.8/site-packages/nav2_project/spot_recorder.py to spot_recorder.cpython-38.pyc
[1.190s] byte-compiling /home/user/ros2_ws/install/nav2_project/lib/python3.8/site-packages/nav2_project/go_to_pose.py to go_to_pose.cpython-38.pyc
[1.191s] running install_data
[1.191s] creating /home/user/ros2_ws/install/nav2_project/share/ament_index
[1.191s] creating /home/user/ros2_ws/install/nav2_project/share/ament_index/resource_index
[1.192s] creating /home/user/ros2_ws/install/nav2_project/share/ament_index/resource_index/packages
[1.192s] copying resource/nav2_project -> /home/user/ros2_ws/install/nav2_project/share/ament_index/resource_index/packages
[1.192s] copying package.xml -> /home/user/ros2_ws/install/nav2_project/share/nav2_project
[1.192s] creating /home/user/ros2_ws/install/nav2_project/share/nav2_project/launch
[1.192s] copying launch/project_map_server.launch.py -> /home/user/ros2_ws/install/nav2_project/share/nav2_project/launch
[1.192s] copying launch/cartographer.launch.py -> /home/user/ros2_ws/install/nav2_project/share/nav2_project/launch
[1.193s] copying launch/nav2_project.launch.py -> /home/user/ros2_ws/install/nav2_project/share/nav2_project/launch
[1.193s] copying launch/project_navigation_with_tools_launch.py -> /home/user/ros2_ws/install/nav2_project/share/nav2_project/launch
[1.193s] copying launch/go_to_pose.launch.py -> /home/user/ros2_ws/install/nav2_project/share/nav2_project/launch
[1.193s] creating /home/user/ros2_ws/install/nav2_project/share/nav2_project/config
[1.193s] copying config/turtlebot3_house.yaml -> /home/user/ros2_ws/install/nav2_project/share/nav2_project/config
[1.194s] copying config/nav2_project.yaml -> /home/user/ros2_ws/install/nav2_project/share/nav2_project/config
[1.194s] copying config/project_params.yaml -> /home/user/ros2_ws/install/nav2_project/share/nav2_project/config
[1.194s] copying config/spot-list.yaml -> /home/user/ros2_ws/install/nav2_project/share/nav2_project/config
[1.194s] copying config/turtlebot3_house.pgm -> /home/user/ros2_ws/install/nav2_project/share/nav2_project/config
[1.194s] copying config/nav2_default_view.rviz -> /home/user/ros2_ws/install/nav2_project/share/nav2_project/config
[1.194s] copying config/navigate_w_replanning_and_recovery.xml -> /home/user/ros2_ws/install/nav2_project/share/nav2_project/config
[1.194s] copying config/cartographer.lua -> /home/user/ros2_ws/install/nav2_project/share/nav2_project/config
[1.194s] running install_egg_info
[1.196s] Copying ../../../build/nav2_project/nav2_project.egg-info to /home/user/ros2_ws/install/nav2_project/lib/python3.8/site-packages/nav2_project-0.0.0-py3.8.egg-info
[1.198s] running install_scripts
[1.217s] Installing go_to_pose script to /home/user/ros2_ws/install/nav2_project/lib/nav2_project
[1.217s] Installing spot_recorder script to /home/user/ros2_ws/install/nav2_project/lib/nav2_project
[1.218s] writing list of installed files to '/home/user/ros2_ws/build/nav2_project/install.log'
[1.242s] Invoked command in '/home/user/ros2_ws/src/ros2_nav_files/nav2_project' returned '0': PYTHONPATH=/home/user/ros2_ws/install/nav2_project/lib/python3.8/site-packages:${PYTHONPATH} _=/usr/bin/env /usr/bin/python3 setup.py egg_info --egg-base ../../../build/nav2_project build --build-base /home/user/ros2_ws/build/nav2_project/build install --prefix /home/user/ros2_ws/install/nav2_project --record /home/user/ros2_ws/build/nav2_project/install.log --single-version-externally-managed
