[0.024s] Invoking command in '/home/user/ros2_ws/build/nav2_course': _=/usr/bin/env /usr/bin/cmake /home/user/ros2_ws/src/ros2_nav_files/nav2_course -DCMAKE_INSTALL_PREFIX=/home/user/ros2_ws/install/nav2_course
[0.093s] -- The C compiler identification is GNU 9.4.0
[0.156s] -- The CXX compiler identification is GNU 9.4.0
[0.162s] -- Check for working C compiler: /usr/bin/cc
[0.249s] -- Check for working C compiler: /usr/bin/cc -- works
[0.250s] -- Detecting C compiler ABI info
[0.336s] -- Detecting C compiler ABI info - done
[0.348s] -- Detecting C compile features
[0.348s] -- Detecting C compile features - done
[0.351s] -- Check for working CXX compiler: /usr/bin/c++
[0.450s] -- Check for working CXX compiler: /usr/bin/c++ -- works
[0.451s] -- Detecting CXX compiler ABI info
[0.573s] -- Detecting CXX compiler ABI info - done
[0.599s] -- Detecting CXX compile features
[0.600s] -- Detecting CXX compile features - done
[0.606s] -- Found ament_cmake: 1.1.5 (/opt/ros/galactic/share/ament_cmake/cmake)
[0.639s] -- Found PythonInterp: /usr/bin/python3 (found suitable version "3.8.10", minimum required is "3") 
[0.640s] -- Using PYTHON_EXECUTABLE: /usr/bin/python3
[0.766s] -- Found nav2_common: 1.0.8 (/opt/ros/galactic/share/nav2_common/cmake)
[0.772s] -- Found navigation2: 1.0.8 (/opt/ros/galactic/share/navigation2/cmake)
[0.772s] -- Setting build type to Release as none was specified.
[0.775s] -- Found ament_lint_auto: 0.10.6 (/opt/ros/galactic/share/ament_lint_auto/cmake)
[0.944s] -- Added test 'copyright' to check source files copyright and LICENSE
[0.949s] -- Added test 'flake8' to check Python code syntax and style conventions
[0.950s] -- Added test 'lint_cmake' to check CMake code style
[0.951s] -- Added test 'pep257' to check Python code against some of the style conventions in PEP 257
[0.954s] -- Added test 'xmllint' to check XML markup files
[0.957s] -- Configuring done
[0.961s] -- Generating done
[0.963s] -- Build files have been written to: /home/user/ros2_ws/build/nav2_course
[0.968s] Invoked command in '/home/user/ros2_ws/build/nav2_course' returned '0': _=/usr/bin/env /usr/bin/cmake /home/user/ros2_ws/src/ros2_nav_files/nav2_course -DCMAKE_INSTALL_PREFIX=/home/user/ros2_ws/install/nav2_course
[0.973s] Invoking command in '/home/user/ros2_ws/build/nav2_course': _=/usr/bin/env /usr/bin/cmake --build /home/user/ros2_ws/build/nav2_course -- -j8 -l8
[1.028s] Invoked command in '/home/user/ros2_ws/build/nav2_course' returned '0': _=/usr/bin/env /usr/bin/cmake --build /home/user/ros2_ws/build/nav2_course -- -j8 -l8
[1.085s] Invoking command in '/home/user/ros2_ws/build/nav2_course': _=/usr/bin/env /usr/bin/cmake --install /home/user/ros2_ws/build/nav2_course
[1.095s] -- Install configuration: "Release"
[1.095s] -- Installing: /home/user/ros2_ws/install/nav2_course/share/nav2_course/launch
[1.095s] -- Installing: /home/user/ros2_ws/install/nav2_course/share/nav2_course/launch/map_saver.launch.py
[1.095s] -- Installing: /home/user/ros2_ws/install/nav2_course/share/nav2_course/launch/localization_launch.py
[1.096s] -- Installing: /home/user/ros2_ws/install/nav2_course/share/nav2_course/launch/rviz.launch.py
[1.096s] -- Installing: /home/user/ros2_ws/install/nav2_course/share/nav2_course/launch/map_server_launch.py
[1.096s] -- Installing: /home/user/ros2_ws/install/nav2_course/share/nav2_course/launch/nav2_demo.launch.py
[1.096s] -- Installing: /home/user/ros2_ws/install/nav2_course/share/nav2_course/launch/tb3_world_navigation_with_tools_launch.py
[1.096s] -- Installing: /home/user/ros2_ws/install/nav2_course/share/nav2_course/launch/nav2_complete.launch.py
[1.097s] -- Installing: /home/user/ros2_ws/install/nav2_course/share/nav2_course/launch/navigation2_launch.py
[1.097s] -- Installing: /home/user/ros2_ws/install/nav2_course/share/nav2_course/config
[1.097s] -- Installing: /home/user/ros2_ws/install/nav2_course/share/nav2_course/config/nav2_house_sim_params.yaml
[1.097s] -- Installing: /home/user/ros2_ws/install/nav2_course/share/nav2_course/config/navigate_w_replanning_and_recovery_old.xml
[1.097s] -- Installing: /home/user/ros2_ws/install/nav2_course/share/nav2_course/config/turtlebot3_world.yaml
[1.097s] -- Installing: /home/user/ros2_ws/install/nav2_course/share/nav2_course/config/turtlebot3_world.pgm
[1.098s] -- Installing: /home/user/ros2_ws/install/nav2_course/share/nav2_course/config/default.rviz
[1.098s] -- Installing: /home/user/ros2_ws/install/nav2_course/share/nav2_course/config/navigate_w_replanning_and_recovery.xml
[1.099s] -- Installing: /home/user/ros2_ws/install/nav2_course/share/nav2_course/config/nav2_default_view.rviz
[1.099s] -- Installing: /home/user/ros2_ws/install/nav2_course/share/nav2_course/config/nav2.yaml
[1.099s] -- Installing: /home/user/ros2_ws/install/nav2_course/share/nav2_course/config/localization_params.yaml
[1.099s] -- Installing: /home/user/ros2_ws/install/nav2_course/share/nav2_course/config/nav2_params.yaml
[1.100s] -- Installing: /home/user/ros2_ws/install/nav2_course/share/nav2_course/worlds
[1.100s] -- Installing: /home/user/ros2_ws/install/nav2_course/share/nav2_course/worlds/waffle.model
[1.100s] -- Installing: /home/user/ros2_ws/install/nav2_course/share/nav2_course/worlds/world_only.model
[1.100s] -- Installing: /home/user/ros2_ws/install/nav2_course/share/nav2_course/worlds/house_waffle.model
[1.101s] -- Installing: /home/user/ros2_ws/install/nav2_course/share/nav2_course/maps
[1.101s] -- Installing: /home/user/ros2_ws/install/nav2_course/share/nav2_course/maps/turtlebot_area.yaml
[1.101s] -- Installing: /home/user/ros2_ws/install/nav2_course/share/nav2_course/maps/turtlebot_area.pgm
[1.101s] -- Installing: /home/user/ros2_ws/install/nav2_course/share/ament_index/resource_index/package_run_dependencies/nav2_course
[1.101s] -- Installing: /home/user/ros2_ws/install/nav2_course/share/ament_index/resource_index/parent_prefix_path/nav2_course
[1.102s] -- Installing: /home/user/ros2_ws/install/nav2_course/share/nav2_course/environment/ament_prefix_path.sh
[1.102s] -- Installing: /home/user/ros2_ws/install/nav2_course/share/nav2_course/environment/ament_prefix_path.dsv
[1.102s] -- Installing: /home/user/ros2_ws/install/nav2_course/share/nav2_course/environment/path.sh
[1.103s] -- Installing: /home/user/ros2_ws/install/nav2_course/share/nav2_course/environment/path.dsv
[1.103s] -- Installing: /home/user/ros2_ws/install/nav2_course/share/nav2_course/local_setup.bash
[1.103s] -- Installing: /home/user/ros2_ws/install/nav2_course/share/nav2_course/local_setup.sh
[1.103s] -- Installing: /home/user/ros2_ws/install/nav2_course/share/nav2_course/local_setup.zsh
[1.104s] -- Installing: /home/user/ros2_ws/install/nav2_course/share/nav2_course/local_setup.dsv
[1.104s] -- Installing: /home/user/ros2_ws/install/nav2_course/share/nav2_course/package.dsv
[1.104s] -- Installing: /home/user/ros2_ws/install/nav2_course/share/ament_index/resource_index/packages/nav2_course
[1.105s] -- Installing: /home/user/ros2_ws/install/nav2_course/share/nav2_course/cmake/nav2_courseConfig.cmake
[1.105s] -- Installing: /home/user/ros2_ws/install/nav2_course/share/nav2_course/cmake/nav2_courseConfig-version.cmake
[1.105s] -- Installing: /home/user/ros2_ws/install/nav2_course/share/nav2_course/package.xml
[1.108s] Invoked command in '/home/user/ros2_ws/build/nav2_course' returned '0': _=/usr/bin/env /usr/bin/cmake --install /home/user/ros2_ws/build/nav2_course
