[1.129s] Invoking command in '/home/user/ros2_ws/src/cartographer_slam': PYTHONPATH=/home/user/ros2_ws/install/cartographer_slam/lib/python3.8/site-packages:${PYTHONPATH} _=/usr/bin/env /usr/bin/python3 setup.py egg_info --egg-base ../../build/cartographer_slam build --build-base /home/user/ros2_ws/build/cartographer_slam/build install --prefix /home/user/ros2_ws/install/cartographer_slam --record /home/user/ros2_ws/build/cartographer_slam/install.log --single-version-externally-managed
[1.533s] running egg_info
[1.533s] writing ../../build/cartographer_slam/cartographer_slam.egg-info/PKG-INFO
[1.534s] writing dependency_links to ../../build/cartographer_slam/cartographer_slam.egg-info/dependency_links.txt
[1.534s] writing entry points to ../../build/cartographer_slam/cartographer_slam.egg-info/entry_points.txt
[1.535s] writing requirements to ../../build/cartographer_slam/cartographer_slam.egg-info/requires.txt
[1.535s] writing top-level names to ../../build/cartographer_slam/cartographer_slam.egg-info/top_level.txt
[1.582s] reading manifest file '../../build/cartographer_slam/cartographer_slam.egg-info/SOURCES.txt'
[1.583s] writing manifest file '../../build/cartographer_slam/cartographer_slam.egg-info/SOURCES.txt'
[1.584s] running build
[1.584s] running build_py
[1.584s] running install
[1.585s] running install_lib
[1.588s] running install_data
[1.588s] copying config/turtlebot_area.yaml -> /home/user/ros2_ws/install/cartographer_slam/share/cartographer_slam/config
[1.589s] copying config/turtlebot_area.pgm -> /home/user/ros2_ws/install/cartographer_slam/share/cartographer_slam/config
[1.589s] running install_egg_info
[1.593s] removing '/home/user/ros2_ws/install/cartographer_slam/lib/python3.8/site-packages/cartographer_slam-0.0.0-py3.8.egg-info' (and everything under it)
[1.594s] Copying ../../build/cartographer_slam/cartographer_slam.egg-info to /home/user/ros2_ws/install/cartographer_slam/lib/python3.8/site-packages/cartographer_slam-0.0.0-py3.8.egg-info
[1.596s] running install_scripts
[1.626s] writing list of installed files to '/home/user/ros2_ws/build/cartographer_slam/install.log'
[1.657s] Invoked command in '/home/user/ros2_ws/src/cartographer_slam' returned '0': PYTHONPATH=/home/user/ros2_ws/install/cartographer_slam/lib/python3.8/site-packages:${PYTHONPATH} _=/usr/bin/env /usr/bin/python3 setup.py egg_info --egg-base ../../build/cartographer_slam build --build-base /home/user/ros2_ws/build/cartographer_slam/build install --prefix /home/user/ros2_ws/install/cartographer_slam --record /home/user/ros2_ws/build/cartographer_slam/install.log --single-version-externally-managed
