[4.624s] Invoking command in '/home/user/ros2_ws/src/cartographer_slam': PYTHONPATH=/home/user/ros2_ws/install/cartographer_slam/lib/python3.8/site-packages:${PYTHONPATH} _=/usr/bin/env /usr/bin/python3 setup.py egg_info --egg-base ../../build/cartographer_slam build --build-base /home/user/ros2_ws/build/cartographer_slam/build install --prefix /home/user/ros2_ws/install/cartographer_slam --record /home/user/ros2_ws/build/cartographer_slam/install.log --single-version-externally-managed
[4.875s] running egg_info
[4.875s] creating ../../build/cartographer_slam/cartographer_slam.egg-info
[4.875s] writing ../../build/cartographer_slam/cartographer_slam.egg-info/PKG-INFO
[4.876s] writing dependency_links to ../../build/cartographer_slam/cartographer_slam.egg-info/dependency_links.txt
[4.876s] writing entry points to ../../build/cartographer_slam/cartographer_slam.egg-info/entry_points.txt
[4.876s] writing requirements to ../../build/cartographer_slam/cartographer_slam.egg-info/requires.txt
[4.876s] writing top-level names to ../../build/cartographer_slam/cartographer_slam.egg-info/top_level.txt
[4.975s] writing manifest file '../../build/cartographer_slam/cartographer_slam.egg-info/SOURCES.txt'
[5.012s] reading manifest file '../../build/cartographer_slam/cartographer_slam.egg-info/SOURCES.txt'
[5.012s] writing manifest file '../../build/cartographer_slam/cartographer_slam.egg-info/SOURCES.txt'
[5.012s] running build
[5.013s] running build_py
[5.013s] creating /home/user/ros2_ws/build/cartographer_slam/build
[5.013s] creating /home/user/ros2_ws/build/cartographer_slam/build/lib
[5.013s] creating /home/user/ros2_ws/build/cartographer_slam/build/lib/cartographer_slam
[5.013s] copying cartographer_slam/__init__.py -> /home/user/ros2_ws/build/cartographer_slam/build/lib/cartographer_slam
[5.014s] running install
[5.014s] running install_lib
[5.015s] creating /home/user/ros2_ws/install/cartographer_slam/lib/python3.8/site-packages/cartographer_slam
[5.015s] copying /home/user/ros2_ws/build/cartographer_slam/build/lib/cartographer_slam/__init__.py -> /home/user/ros2_ws/install/cartographer_slam/lib/python3.8/site-packages/cartographer_slam
[5.016s] byte-compiling /home/user/ros2_ws/install/cartographer_slam/lib/python3.8/site-packages/cartographer_slam/__init__.py to __init__.cpython-38.pyc
[5.017s] running install_data
[5.018s] creating /home/user/ros2_ws/install/cartographer_slam/share/ament_index
[5.018s] creating /home/user/ros2_ws/install/cartographer_slam/share/ament_index/resource_index
[5.018s] creating /home/user/ros2_ws/install/cartographer_slam/share/ament_index/resource_index/packages
[5.018s] copying resource/cartographer_slam -> /home/user/ros2_ws/install/cartographer_slam/share/ament_index/resource_index/packages
[5.018s] copying package.xml -> /home/user/ros2_ws/install/cartographer_slam/share/cartographer_slam
[5.019s] creating /home/user/ros2_ws/install/cartographer_slam/share/cartographer_slam/launch
[5.019s] copying launch/cartographer.launch.py -> /home/user/ros2_ws/install/cartographer_slam/share/cartographer_slam/launch
[5.019s] creating /home/user/ros2_ws/install/cartographer_slam/share/cartographer_slam/config
[5.019s] copying config/cartographer.lua -> /home/user/ros2_ws/install/cartographer_slam/share/cartographer_slam/config
[5.019s] running install_egg_info
[5.020s] Copying ../../build/cartographer_slam/cartographer_slam.egg-info to /home/user/ros2_ws/install/cartographer_slam/lib/python3.8/site-packages/cartographer_slam-0.0.0-py3.8.egg-info
[5.022s] running install_scripts
[5.040s] writing list of installed files to '/home/user/ros2_ws/build/cartographer_slam/install.log'
[5.061s] Invoked command in '/home/user/ros2_ws/src/cartographer_slam' returned '0': PYTHONPATH=/home/user/ros2_ws/install/cartographer_slam/lib/python3.8/site-packages:${PYTHONPATH} _=/usr/bin/env /usr/bin/python3 setup.py egg_info --egg-base ../../build/cartographer_slam build --build-base /home/user/ros2_ws/build/cartographer_slam/build install --prefix /home/user/ros2_ws/install/cartographer_slam --record /home/user/ros2_ws/build/cartographer_slam/install.log --single-version-externally-managed
